<?xml version="1.0" encoding="UTF-8"?>
<testsuite name="ar.edu.unq.desapp.grupoc.backenddesappapi.service.impl.UserServiceImplTest" tests="1" skipped="0" failures="0" errors="0" timestamp="2024-04-10T01:25:57" hostname="DESKTOP-UIQ8J0A" time="0.219">
  <properties/>
  <testcase name="test registerUser()" classname="ar.edu.unq.desapp.grupoc.backenddesappapi.service.impl.UserServiceImplTest" time="0.219"/>
  <system-out><![CDATA[]]></system-out>
  <system-err><![CDATA[]]></system-err>
</testsuite>
