<?xml version="1.0" encoding="UTF-8"?>
<testsuite name="ar.edu.unq.desapp.grupoc.backenddesappapi.model.OperationIntentTest" tests="4" skipped="0" failures="0" errors="0" timestamp="2024-04-10T01:25:57" hostname="DESKTOP-UIQ8J0A" time="0.272">
  <properties/>
  <testcase name="shouldGenerateABuyTransactionWhenUsersAreValid()" classname="ar.edu.unq.desapp.grupoc.backenddesappapi.model.OperationIntentTest" time="0.259"/>
  <testcase name="shouldNotBeActiveWhenStatusIsClosed()" classname="ar.edu.unq.desapp.grupoc.backenddesappapi.model.OperationIntentTest" time="0.003"/>
  <testcase name="shouldGenerateASellTransactionWhenUsersAreValid()" classname="ar.edu.unq.desapp.grupoc.backenddesappapi.model.OperationIntentTest" time="0.001"/>
  <testcase name="shouldBeActiveWhenStatusIsOpen()" classname="ar.edu.unq.desapp.grupoc.backenddesappapi.model.OperationIntentTest" time="0.003"/>
  <system-out><![CDATA[]]></system-out>
  <system-err><![CDATA[]]></system-err>
</testsuite>
