<?xml version="1.0" encoding="UTF-8"?>
<testsuite name="ar.edu.unq.desapp.grupoc.backenddesappapi.model.TransactionTest" tests="3" skipped="0" failures="0" errors="0" timestamp="2024-04-10T01:25:57" hostname="DESKTOP-UIQ8J0A" time="0.003">
  <properties/>
  <testcase name="test getPointsForFinish when more than 30 minutes()" classname="ar.edu.unq.desapp.grupoc.backenddesappapi.model.TransactionTest" time="0.001"/>
  <testcase name="test getPointsPenalizationForCancel()" classname="ar.edu.unq.desapp.grupoc.backenddesappapi.model.TransactionTest" time="0.001"/>
  <testcase name="test getPointsForFinish when less than or equal to 30 minutes()" classname="ar.edu.unq.desapp.grupoc.backenddesappapi.model.TransactionTest" time="0.001"/>
  <system-out><![CDATA[]]></system-out>
  <system-err><![CDATA[]]></system-err>
</testsuite>
